<?xml version="1.0" encoding="UTF-8"?>
<!-- Generated by org.testng.reporters.JUnitReportReporter -->
<testsuite hostname="LAPTOP-BHKF9L3F" failures="0" tests="1" name="myntra.com.SelectProduct" time="15.987" errors="0" timestamp="2024-03-23T10:35:42 IST" skipped="0">
  <testcase classname="myntra.com.SelectProduct" name="select_product" time="15.987"/>
</testsuite> <!-- myntra.com.SelectProduct -->
